> Task :app:preBuild UP-TO-DATE
> Task :app:preDebugBuild UP-TO-DATE
> Task :app:mergeDebugNativeDebugMetadata NO-SOURCE
> Task :app:checkKotlinGradlePluginConfigurationErrors
> Task :app:checkDebugAarMetadata UP-TO-DATE
> Task :app:generateDebugResValues UP-TO-DATE
> Task :app:mapDebugSourceSetPaths UP-TO-DATE
> Task :app:generateDebugResources UP-TO-DATE
> Task :app:mergeDebugResources UP-TO-DATE
> Task :app:packageDebugResources UP-TO-DATE
> Task :app:parseDebugLocalResources UP-TO-DATE
> Task :app:createDebugCompatibleScreenManifests UP-TO-DATE
> Task :app:extractDeepLinksDebug UP-TO-DATE
> Task :app:processDebugMainManifest UP-TO-DATE
> Task :app:processDebugManifest UP-TO-DATE
> Task :app:processDebugManifestForPackage UP-TO-DATE
> Task :app:processDebugResources UP-TO-DATE
> Task :app:kspDebugKotlin UP-TO-DATE
> Task :app:javaPreCompileDebug UP-TO-DATE
> Task :app:mergeDebugShaders UP-TO-DATE
> Task :app:compileDebugShaders NO-SOURCE
> Task :app:generateDebugAssets UP-TO-DATE
> Task :app:mergeDebugAssets UP-TO-DATE
> Task :app:compressDebugAssets UP-TO-DATE
> Task :app:desugarDebugFileDependencies UP-TO-DATE
> Task :app:checkDebugDuplicateClasses UP-TO-DATE
> Task :app:mergeExtDexDebug UP-TO-DATE
> Task :app:mergeLibDexDebug UP-TO-DATE
> Task :app:mergeDebugJniLibFolders UP-TO-DATE
> Task :app:mergeDebugNativeLibs NO-SOURCE
> Task :app:stripDebugDebugSymbols NO-SOURCE
> Task :app:validateSigningDebug UP-TO-DATE
> Task :app:writeDebugAppMetadata UP-TO-DATE
> Task :app:writeDebugSigningConfigVersions UP-TO-DATE

> Task :app:compileDebugKotlin FAILED
e: file:///C:/Users/killmilk/Desktop/1313/LifeLift/app/src/main/java/com/lifelift/app/features/workouts/create/CreateWorkoutViewModel.kt:161:72 Unresolved reference. None of the following candidates is applicable because of receiver type mismatch: 
public fun <T> Array<out TypeVariable(T)>.toMutableList(): MutableList<TypeVariable(T)> defined in kotlin.collections
public fun BooleanArray.toMutableList(): MutableList<Boolean> defined in kotlin.collections
public fun ByteArray.toMutableList(): MutableList<Byte> defined in kotlin.collections
public fun CharArray.toMutableList(): MutableList<Char> defined in kotlin.collections
public fun CharSequence.toMutableList(): MutableList<Char> defined in kotlin.text
public fun DoubleArray.toMutableList(): MutableList<Double> defined in kotlin.collections
public fun FloatArray.toMutableList(): MutableList<Float> defined in kotlin.collections
public fun IntArray.toMutableList(): MutableList<Int> defined in kotlin.collections
public fun LongArray.toMutableList(): MutableList<Long> defined in kotlin.collections
public fun ShortArray.toMutableList(): MutableList<Short> defined in kotlin.collections
public fun <T> Collection<TypeVariable(T)>.toMutableList(): MutableList<TypeVariable(T)> defined in kotlin.collections
public fun <T> Iterable<TypeVariable(T)>.toMutableList(): MutableList<TypeVariable(T)> defined in kotlin.collections
public fun <T> Sequence<TypeVariable(T)>.toMutableList(): MutableList<TypeVariable(T)> defined in kotlin.sequences

FAILURE: Build failed with an exception.

* What went wrong:
Execution failed for task ':app:compileDebugKotlin'.
> A failure occurred while executing org.jetbrains.kotlin.compilerRunner.GradleCompilerRunnerWithWorkers$GradleKotlinCompilerWorkAction
   > Compilation error. See log for more details

* Try:
> Run with --stacktrace option to get the stack trace.
> Run with --info or --debug option to get more log output.
> Run with --scan to get full insights.
> Get more help at https://help.gradle.org.

BUILD FAILED in 3s
28 actionable tasks: 2 executed, 26 up-to-date
